[    0.000000] Linux version 4.15.0-212-generic (buildd@lcy02-amd64-083) (gcc version 7.5.0 (Ubuntu 7.5.0-3ubuntu1~18.04)) #223-Ubuntu SMP Tue May 23 13:09:22 UTC 2023 (Ubuntu 4.15.0-212.223-generic 4.15.18)
[    0.000000] Command line: BOOT_IMAGE=/boot/vmlinuz-4.15.0-212-generic root=LABEL=cloudimg-rootfs ro console=tty1 console=ttyS0
[    0.000000] KERNEL supported cpus:
[    0.000000]   Intel GenuineIntel
[    0.000000]   AMD AuthenticAMD
[    0.000000]   Centaur CentaurHauls
[    0.000000] x86/fpu: x87 FPU will use FXSAVE
[    0.000000] e820: BIOS-provided physical RAM map:
[    0.000000] BIOS-e820: [mem 0x0000000000000000-0x000000000009fbff] usable
[    0.000000] BIOS-e820: [mem 0x000000000009fc00-0x000000000009ffff] reserved
[    0.000000] BIOS-e820: [mem 0x00000000000f0000-0x00000000000fffff] reserved
[    0.000000] BIOS-e820: [mem 0x0000000000100000-0x000000003ffeffff] usable
[    0.000000] BIOS-e820: [mem 0x000000003fff0000-0x000000003fffffff] ACPI data
[    0.000000] BIOS-e820: [mem 0x00000000fec00000-0x00000000fec00fff] reserved
[    0.000000] BIOS-e820: [mem 0x00000000fee00000-0x00000000fee00fff] reserved
[    0.000000] BIOS-e820: [mem 0x00000000fffc0000-0x00000000ffffffff] reserved
[    0.000000] NX (Execute Disable) protection: active
[    0.000000] SMBIOS 2.5 present.
[    0.000000] DMI: innotek GmbH VirtualBox/VirtualBox, BIOS VirtualBox 12/01/2006
[    0.000000] Hypervisor detected: KVM
[    0.000000] e820: last_pfn = 0x3fff0 max_arch_pfn = 0x400000000
[    0.000000] x86/PAT: Configuration [0-7]: WB  WC  UC- UC  WB  WP  UC- WT  
[    0.000000] CPU MTRRs all blank - virtualized system.
[    0.000000] found SMP MP-table at [mem 0x0009fbf0-0x0009fbff]
[    0.000000] Scanning 1 areas for low memory corruption
[    0.000000] RAMDISK: [mem 0x359cb000-0x36cdcfff]
[    0.000000] ACPI: Early table checksum verification disabled
[    0.000000] ACPI: RSDP 0x00000000000E0000 000024 (v02 VBOX  )
[    0.000000] ACPI: XSDT 0x000000003FFF0030 00003C (v01 VBOX   VBOXXSDT 00000001 ASL  00000061)
[    0.000000] ACPI: FACP 0x000000003FFF00F0 0000F4 (v04 VBOX   VBOXFACP 00000001 ASL  00000061)
[    0.000000] ACPI: DSDT 0x000000003FFF0610 002353 (v02 VBOX   VBOXBIOS 00000002 INTL 20100528)
[    0.000000] ACPI: FACS 0x000000003FFF0200 000040
[    0.000000] ACPI: FACS 0x000000003FFF0200 000040
[    0.000000] ACPI: APIC 0x000000003FFF0240 00005C (v02 VBOX   VBOXAPIC 00000001 ASL  00000061)
[    0.000000] ACPI: SSDT 0x000000003FFF02A0 00036C (v01 VBOX   VBOXCPUT 00000002 INTL 20100528)
[    0.000000] ACPI: Reserving FACP table memory at [mem 0x3fff00f0-0x3fff01e3]
[    0.000000] ACPI: Reserving DSDT table memory at [mem 0x3fff0610-0x3fff2962]
[    0.000000] ACPI: Reserving FACS table memory at [mem 0x3fff0200-0x3fff023f]
[    0.000000] ACPI: Reserving FACS table memory at [mem 0x3fff0200-0x3fff023f]
[    0.000000] ACPI: Reserving APIC table memory at [mem 0x3fff0240-0x3fff029b]
[    0.000000] ACPI: Reserving SSDT table memory at [mem 0x3fff02a0-0x3fff060b]
[    0.000000] No NUMA configuration found
[    0.000000] Faking a node at [mem 0x0000000000000000-0x000000003ffeffff]
[    0.000000] NODE_DATA(0) allocated [mem 0x3ffc5000-0x3ffeffff]
[    0.000000] kvm-clock: cpu 0, msr 0:3ff44001, primary cpu clock
[    0.000000] kvm-clock: Using msrs 4b564d01 and 4b564d00
[    0.000000] kvm-clock: using sched offset of 3460830338 cycles
[    0.000000] clocksource: kvm-clock: mask: 0xffffffffffffffff max_cycles: 0x1cd42e4dffb, max_idle_ns: 881590591483 ns
[    0.000000] Zone ranges:
[    0.000000]   DMA      [mem 0x0000000000001000-0x0000000000ffffff]
[    0.000000]   DMA32    [mem 0x0000000001000000-0x000000003ffeffff]
[    0.000000]   Normal   empty
[    0.000000]   Device   empty
[    0.000000] Movable zone start for each node
[    0.000000] Early memory node ranges
[    0.000000]   node   0: [mem 0x0000000000001000-0x000000000009efff]
[    0.000000]   node   0: [mem 0x0000000000100000-0x000000003ffeffff]
[    0.000000] Reserved but unavailable: 104 pages
[    0.000000] Initmem setup node 0 [mem 0x0000000000001000-0x000000003ffeffff]
[    0.000000] ACPI: PM-Timer IO Port: 0x4008
[    0.000000] IOAPIC[0]: apic_id 2, version 32, address 0xfec00000, GSI 0-23
[    0.000000] ACPI: INT_SRC_OVR (bus 0 bus_irq 0 global_irq 2 dfl dfl)
[    0.000000] ACPI: INT_SRC_OVR (bus 0 bus_irq 9 global_irq 9 low level)
[    0.000000] Using ACPI (MADT) for SMP configuration information
[    0.000000] smpboot: Allowing 2 CPUs, 0 hotplug CPUs
[    0.000000] PM: Registered nosave memory: [mem 0x00000000-0x00000fff]
[    0.000000] PM: Registered nosave memory: [mem 0x0009f000-0x0009ffff]
[    0.000000] PM: Registered nosave memory: [mem 0x000a0000-0x000effff]
[    0.000000] PM: Registered nosave memory: [mem 0x000f0000-0x000fffff]
[    0.000000] e820: [mem 0x40000000-0xfebfffff] available for PCI devices
[    0.000000] Booting paravirtualized kernel on KVM
[    0.000000] clocksource: refined-jiffies: mask: 0xffffffff max_cycles: 0xffffffff, max_idle_ns: 7645519600211568 ns
[    0.000000] setup_percpu: NR_CPUS:8192 nr_cpumask_bits:2 nr_cpu_ids:2 nr_node_ids:1
[    0.000000] percpu: Embedded 50 pages/cpu s167936 r8192 d28672 u1048576
[    0.000000] PV qspinlock hash table entries: 256 (order: 0, 4096 bytes)
[    0.000000] Built 1 zonelists, mobility grouping on.  Total pages: 257913
[    0.000000] Policy zone: DMA32
[    0.000000] Kernel command line: BOOT_IMAGE=/boot/vmlinuz-4.15.0-212-generic root=LABEL=cloudimg-rootfs ro console=tty1 console=ttyS0
[    0.000000] Memory: 982644K/1048120K available (12300K kernel code, 2477K rwdata, 4324K rodata, 2480K init, 2720K bss, 65476K reserved, 0K cma-reserved)
[    0.000000] SLUB: HWalign=64, Order=0-3, MinObjects=0, CPUs=2, Nodes=1
[    0.000000] ftrace: allocating 39508 entries in 155 pages
[    0.004000] Hierarchical RCU implementation.
[    0.004000] 	RCU restricting CPUs from NR_CPUS=8192 to nr_cpu_ids=2.
[    0.004000] 	Tasks RCU enabled.
[    0.004000] RCU: Adjusting geometry for rcu_fanout_leaf=16, nr_cpu_ids=2
[    0.004000] NR_IRQS: 524544, nr_irqs: 440, preallocated irqs: 16
[    0.004000] random: crng init done
[    0.004000] Console: colour VGA+ 80x25
[    0.004000] console [tty1] enabled
[    0.004000] console [ttyS0] enabled
[    0.004000] ACPI: Core revision 20170831
[    0.004000] ACPI: 2 ACPI AML tables successfully acquired and loaded
[    0.004000] APIC: Switch to symmetric I/O mode setup
[    0.004000] ..TIMER: vector=0x30 apic1=0 pin1=2 apic2=-1 pin2=-1
[    0.004005] tsc: Detected 2303.998 MHz processor
[    0.008038] Calibrating delay loop (skipped) preset value.. 4607.99 BogoMIPS (lpj=9215992)
[    0.012003] pid_max: default: 32768 minimum: 301
[    0.016115] Security Framework initialized
[    0.018826] Yama: becoming mindful.
[    0.020066] AppArmor: AppArmor initialized
[    0.027149] Dentry cache hash table entries: 131072 (order: 8, 1048576 bytes)
[    0.029480] Inode-cache hash table entries: 65536 (order: 7, 524288 bytes)
[    0.032065] Mount-cache hash table entries: 2048 (order: 2, 16384 bytes)
[    0.036064] Mountpoint-cache hash table entries: 2048 (order: 2, 16384 bytes)
[    0.045528] Last level iTLB entries: 4KB 0, 2MB 0, 4MB 0
[    0.048002] Last level dTLB entries: 4KB 0, 2MB 0, 4MB 0, 1GB 0
[    0.052004] Spectre V1 : Mitigation: usercopy/swapgs barriers and __user pointer sanitization
[    0.056003] Spectre V2 : Mitigation: Enhanced IBRS
[    0.060002] Spectre V2 : Spectre v2 / SpectreRSB mitigation: Filling RSB on context switch
[    0.064002] Spectre V2 : Spectre v2 / PBRSB-eIBRS: Retire a single CALL on VMEXIT
[    0.068002] RETBleed: Mitigation: Enhanced IBRS
[    0.072002] Speculative Store Bypass: Vulnerable
[    0.076232] Freeing SMP alternatives memory: 36K
[    0.196745] APIC calibration not consistent with PM-Timer: 101ms instead of 100ms
[    0.200000] APIC delta adjusted to PM-Timer: 6343248 (6430276)
[    0.200239] smpboot: CPU0: 11th Gen Intel(R) Core(TM) i7-11800H @ 2.30GHz (family: 0x6, model: 0x8d, stepping: 0x1)
[    0.204325] Performance Events: unsupported p6 CPU model 141 no PMU driver, software events only.
[    0.208084] Hierarchical SRCU implementation.
[    0.212596] NMI watchdog: Perf event create on CPU 0 failed with -2
[    0.216001] NMI watchdog: Perf NMI watchdog permanently disabled
[    0.220216] smp: Bringing up secondary CPUs ...
[    0.224629] x86: Booting SMP configuration:
[    0.227126] .... node  #0, CPUs:      #1
[    0.004000] kvm-clock: cpu 1, msr 0:3ff44041, secondary cpu clock
[    0.235756] TSC synchronization [CPU#0 -> CPU#1]:
[    0.236000] Measured 100201 cycles TSC warp between CPUs, turning off TSC clock.
[    0.236000] tsc: Marking TSC unstable due to check_tsc_sync_source failed
[    0.236074] smp: Brought up 1 node, 2 CPUs
[    0.240003] smpboot: Max logical packages: 1
[    0.244002] smpboot: Total of 2 processors activated (9215.99 BogoMIPS)
[    0.253228] devtmpfs: initialized
[    0.254046] x86/mm: Memory block size: 128MB
[    0.256255] evm: security.selinux
[    0.260002] evm: security.SMACK64
[    0.261919] evm: security.SMACK64EXEC
[    0.264001] evm: security.SMACK64TRANSMUTE
[    0.266323] evm: security.SMACK64MMAP
[    0.268001] evm: security.apparmor
[    0.272002] evm: security.ima
[    0.273738] evm: security.capability
[    0.276286] clocksource: jiffies: mask: 0xffffffff max_cycles: 0xffffffff, max_idle_ns: 7645041785100000 ns
[    0.280005] futex hash table entries: 512 (order: 3, 32768 bytes)
[    0.284139] pinctrl core: initialized pinctrl subsystem
[    0.288354] RTC time: 16:22:46, date: 11/30/24
[    0.293076] NET: Registered protocol family 16
[    0.296131] audit: initializing netlink subsys (disabled)
[    0.300138] audit: type=2000 audit(1732983770.450:1): state=initialized audit_enabled=0 res=1
[    0.308079] cpuidle: using governor ladder
[    0.310473] cpuidle: using governor menu
[    0.312045] ACPI: bus type PCI registered
[    0.316005] acpiphp: ACPI Hot Plug PCI Controller Driver version: 0.5
[    0.320381] PCI: Using configuration type 1 for base access
[    0.328224] HugeTLB registered 2.00 MiB page size, pre-allocated 0 pages
[    0.332348] ACPI: Added _OSI(Module Device)
[    0.336008] ACPI: Added _OSI(Processor Device)
[    0.340002] ACPI: Added _OSI(3.0 _SCP Extensions)
[    0.344001] ACPI: Added _OSI(Processor Aggregator Device)
[    0.347133] ACPI: Added _OSI(Linux-Dell-Video)
[    0.348002] ACPI: Added _OSI(Linux-Lenovo-NV-HDMI-Audio)
[    0.352002] ACPI: Added _OSI(Linux-HPI-Hybrid-Graphics)
[    0.356594] ACPI: Executed 1 blocks of module-level executable AML code
[    0.364431] ACPI: Interpreter enabled
[    0.366503] ACPI: (supports S0 S5)
[    0.368002] ACPI: Using IOAPIC for interrupt routing
[    0.371014] PCI: Using host bridge windows from ACPI; if necessary, use "pci=nocrs" and report a bug
[    0.372166] ACPI: Enabled 2 GPEs in block 00 to 07
[    0.386522] ACPI: PCI Root Bridge [PCI0] (domain 0000 [bus 00-ff])
[    0.388006] acpi PNP0A03:00: _OSC: OS supports [ASPM ClockPM Segments MSI]
[    0.392623] acpi PNP0A03:00: _OSC: not requesting OS control; OS requires [ExtendedConfig ASPM ClockPM MSI]
[    0.396008] acpi PNP0A03:00: fail to add MMCONFIG information, can't access extended PCI configuration space under this bridge.
[    0.400526] PCI host bridge to bus 0000:00
[    0.404003] pci_bus 0000:00: root bus resource [io  0x0000-0x0cf7 window]
[    0.408002] pci_bus 0000:00: root bus resource [io  0x0d00-0xffff window]
[    0.412002] pci_bus 0000:00: root bus resource [mem 0x000a0000-0x000bffff window]
[    0.416004] pci_bus 0000:00: root bus resource [mem 0x40000000-0xfdffffff window]
[    0.420002] pci_bus 0000:00: root bus resource [bus 00-ff]
[    0.428454] pci 0000:00:01.1: legacy IDE quirk: reg 0x10: [io  0x01f0-0x01f7]
[    0.432000] pci 0000:00:01.1: legacy IDE quirk: reg 0x14: [io  0x03f6]
[    0.432002] pci 0000:00:01.1: legacy IDE quirk: reg 0x18: [io  0x0170-0x0177]
[    0.436002] pci 0000:00:01.1: legacy IDE quirk: reg 0x1c: [io  0x0376]
[    0.456582] pci 0000:00:07.0: quirk: [io  0x4000-0x403f] claimed by PIIX4 ACPI
[    0.460025] pci 0000:00:07.0: quirk: [io  0x4100-0x410f] claimed by PIIX4 SMB
[    0.471764] ACPI: PCI Interrupt Link [LNKA] (IRQs 5 9 10 *11)
[    0.472450] ACPI: PCI Interrupt Link [LNKB] (IRQs 5 9 *10 11)
[    0.476164] ACPI: PCI Interrupt Link [LNKC] (IRQs 5 *9 10 11)
[    0.480159] ACPI: PCI Interrupt Link [LNKD] (IRQs 5 9 10 *11)
[    0.484587] SCSI subsystem initialized
[    0.488108] pci 0000:00:02.0: vgaarb: setting as boot VGA device
[    0.491633] pci 0000:00:02.0: vgaarb: VGA device added: decodes=io+mem,owns=io+mem,locks=none
[    0.492008] pci 0000:00:02.0: vgaarb: bridge control possible
[    0.496003] vgaarb: loaded
[    0.497849] ACPI: bus type USB registered
[    0.500021] usbcore: registered new interface driver usbfs
[    0.504024] usbcore: registered new interface driver hub
[    0.508009] usbcore: registered new device driver usb
[    0.512084] EDAC MC: Ver: 3.0.0
[    0.514693] PCI: Using ACPI for IRQ routing
[    0.516591] NetLabel: Initializing
[    0.520002] NetLabel:  domain hash size = 128
[    0.522571] NetLabel:  protocols = UNLABELED CIPSOv4 CALIPSO
[    0.524014] NetLabel:  unlabeled traffic allowed by default
[    0.528238] clocksource: Switched to clocksource kvm-clock
[    0.546753] VFS: Disk quotas dquot_6.6.0
[    0.546753] VFS: Dquot-cache hash table entries: 512 (order 0, 4096 bytes)
[    0.546753] AppArmor: AppArmor Filesystem Enabled
[    0.546753] pnp: PnP ACPI init
[    0.546753] pnp: PnP ACPI: found 3 devices
[    0.602465] clocksource: acpi_pm: mask: 0xffffff max_cycles: 0xffffff, max_idle_ns: 2085701024 ns
[    0.604694] NET: Registered protocol family 2
[    0.604694] IP idents hash table entries: 16384 (order: 5, 131072 bytes)
[    0.616134] TCP established hash table entries: 8192 (order: 4, 65536 bytes)
[    0.620839] TCP bind hash table entries: 8192 (order: 5, 131072 bytes)
[    0.624621] TCP: Hash tables configured (established 8192 bind 8192)
[    0.624621] UDP hash table entries: 512 (order: 2, 16384 bytes)
[    0.624621] UDP-Lite hash table entries: 512 (order: 2, 16384 bytes)
[    0.624621] NET: Registered protocol family 1
[    0.624621] pci 0000:00:00.0: Limiting direct PCI/PCI transfers
[    0.624621] pci 0000:00:01.0: Activating ISA DMA hang workarounds
[    0.624621] pci 0000:00:02.0: Video device with shadowed ROM at [mem 0x000c0000-0x000dffff]
[    0.624621] Unpacking initramfs...
[    0.988865] Freeing initrd memory: 19528K
[    0.988865] clocksource: tsc: mask: 0xffffffffffffffff max_cycles: 0x2135f5e6f15, max_idle_ns: 440795231538 ns
[    0.997928] platform rtc_cmos: registered platform RTC device (no PNP device found)
[    1.002671] Scanning for low memory corruption every 60 seconds
[    1.007863] Initialise system trusted keyrings
[    1.010760] Key type blacklist registered
[    1.013775] workingset: timestamp_bits=36 max_order=18 bucket_order=0
[    1.019101] zbud: loaded
[    1.021687] squashfs: version 4.0 (2009/01/31) Phillip Lougher
[    1.026376] fuse init (API version 7.26)
[    1.043330] Key type asymmetric registered
[    1.045862] Asymmetric key parser 'x509' registered
[    1.048871] Block layer SCSI generic (bsg) driver version 0.4 loaded (major 246)
[    1.053680] io scheduler noop registered
[    1.055991] io scheduler deadline registered
[    1.058668] io scheduler cfq registered (default)
[    1.062083] ACPI: AC Adapter [AC] (on-line)
[    1.064885] input: Power Button as /devices/LNXSYSTM:00/LNXPWRBN:00/input/input0
[    1.069504] ACPI: Power Button [PWRF]
[    1.071811] input: Sleep Button as /devices/LNXSYSTM:00/LNXSLPBN:00/input/input1
[    1.076833] ACPI: Sleep Button [SLPF]
[    1.080558] Serial: 8250/16550 driver, 32 ports, IRQ sharing enabled
[    1.080776] ACPI: Battery Slot [BAT0] (battery present)
[    1.112280] 00:02: ttyS0 at I/O 0x3f8 (irq = 4, base_baud = 115200) is a 16550A
[    1.118642] Linux agpgart interface v0.103
[    1.125374] loop: module loaded
[    1.130000] scsi host0: ata_piix
[    1.133218] scsi host1: ata_piix
[    1.135410] ata1: PATA max UDMA/33 cmd 0x1f0 ctl 0x3f6 bmdma 0xd000 irq 14
[    1.139771] ata2: PATA max UDMA/33 cmd 0x170 ctl 0x376 bmdma 0xd008 irq 15
[    1.144279] tun: Universal TUN/TAP device driver, 1.6
[    1.147780] PPP generic driver version 2.4.2
[    1.150784] ehci_hcd: USB 2.0 'Enhanced' Host Controller (EHCI) Driver
[    1.155057] ehci-pci: EHCI PCI platform driver
[    1.158000] ehci-platform: EHCI generic platform driver
[    1.161309] ohci_hcd: USB 1.1 'Open' Host Controller (OHCI) Driver
[    1.165721] ohci-pci: OHCI PCI platform driver
[    1.168710] ohci-platform: OHCI generic platform driver
[    1.171997] uhci_hcd: USB Universal Host Controller Interface driver
[    1.175990] i8042: PNP: PS/2 Controller [PNP0303:PS2K,PNP0f03:PS2M] at 0x60,0x64 irq 1,12
[    1.184833] serio: i8042 KBD port at 0x60,0x64 irq 1
[    1.188231] serio: i8042 AUX port at 0x60,0x64 irq 12
[    1.191623] mousedev: PS/2 mouse device common for all mice
[    1.197007] input: AT Translated Set 2 keyboard as /devices/platform/i8042/serio0/input/input2
[    1.204301] rtc_cmos rtc_cmos: rtc core: registered rtc_cmos as rtc0
[    1.208137] rtc_cmos rtc_cmos: alarms up to one day, 114 bytes nvram
[    1.212080] i2c /dev entries driver
[    1.214184] device-mapper: uevent: version 1.0.3
[    1.217628] device-mapper: ioctl: 4.37.0-ioctl (2017-09-20) initialised: dm-devel@redhat.com
[    1.223241] ledtrig-cpu: registered to indicate activity on CPUs
[    1.230544] NET: Registered protocol family 10
[    1.240928] Segment Routing with IPv6
[    1.243145] NET: Registered protocol family 17
[    1.246369] Key type dns_resolver registered
[    1.249730] mce: Using 0 MCE banks
[    1.251906] RAS: Correctable Errors collector initialized.
[    1.255246] sched_clock: Marking stable (1255191673, 0)->(1730088242, -474896569)
[    1.263597] registered taskstats version 1
[    1.266569] Loading compiled-in X.509 certificates
[    1.273403] Loaded X.509 cert 'Build time autogenerated kernel key: b5b26778eaa3ab3a4a6cee031137706e947d12ad'
[    1.280439] Loaded X.509 cert 'Canonical Ltd. Live Patch Signing: 14df34d1a87cf37625abec039ef2bf521249b969'
[    1.287102] Loaded X.509 cert 'Canonical Ltd. Kernel Module Signing: 88f752e560a1e0737e31163a466ad7b70a850c19'
[    1.293901] blacklist: Loading compiled-in revocation X.509 certificates
[    1.298329] Loaded X.509 cert 'Canonical Ltd. Secure Boot Signing: 61482aa2830d0ab2ad5af10b7250da9033ddcef0'
[    1.308401] Loaded X.509 cert 'Canonical Ltd. Secure Boot Signing (2017): 242ade75ac4a15e50d50c84b0d45ff3eae707a03'
[    1.316295] Loaded X.509 cert 'Canonical Ltd. Secure Boot Signing (ESM 2018): 365188c1d374d6b07c3c8f240f8ef722433d6a8b'
[    1.323227] Loaded X.509 cert 'Canonical Ltd. Secure Boot Signing (2019): c0746fd6c5da3ae827864651ad66ae47fe24b3e8'
[    1.330025] Loaded X.509 cert 'Canonical Ltd. Secure Boot Signing (2021 v1): a8d54bbb3825cfb94fa13c9f8a594a195c107b8d'
[    1.336675] Loaded X.509 cert 'Canonical Ltd. Secure Boot Signing (2021 v2): 4cf046892d6fd3c9a5b03f98d845f90851dc6a8c'
[    1.343219] Loaded X.509 cert 'Canonical Ltd. Secure Boot Signing (2021 v3): 100437bb6de6e469b581e61cd66bce3ef4ed53af'
[    1.350162] Loaded X.509 cert 'Canonical Ltd. Secure Boot Signing (Ubuntu Core 2019): c1d57b8f6b743f23ee41f4f7ee292f06eecadfb9'
[    1.357273] zswap: loaded using pool lzo/zbud
[    1.369952] Key type big_key registered
[    1.372817] Key type trusted registered
[    1.378680] Key type encrypted registered
[    1.381574] AppArmor: AppArmor sha1 policy hashing enabled
[    1.385301] ima: No TPM chip found, activating TPM-bypass! (rc=-19)
[    1.389421] ima: Allocated hash algorithm: sha1
[    1.392503] evm: HMAC attrs: 0x1
[    1.395225]   Magic number: 0:806:389
[    1.398334] rtc_cmos rtc_cmos: setting system clock to 2024-11-30 16:22:47 UTC (1732983767)
[    1.403928] BIOS EDD facility v0.16 2004-Jun-25, 0 devices found
[    1.407932] EDD information not available.
[    1.413273] Freeing unused kernel image memory: 2480K
[    1.432455] Write protecting the kernel read-only data: 20480k
[    1.437750] Freeing unused kernel image memory: 2008K
[    1.441314] Freeing unused kernel image memory: 1820K
[    1.447638] x86/mm: Checked W+X mappings: passed, no W+X pages found.
Loading, please wait...
starting version 237
[    1.505663] e1000: Intel(R) PRO/1000 Network Driver - version 7.3.21-k8-NAPI
[    1.511175] e1000: Copyright (c) 1999-2006 Intel Corporation.
[    1.522163] Fusion MPT base driver 3.04.20
[    1.524650] Copyright (c) 1999-2008 LSI Corporation
[    1.550813] SSE version of gcm_enc/dec engaged.
[    1.557513] Fusion MPT SPI Host driver 3.04.20
[    1.778349] input: ImExPS/2 Generic Explorer Mouse as /devices/platform/i8042/serio1/input/input4
[    2.096421] e1000 0000:00:03.0 eth0: (PCI:33MHz:32-bit) 02:3b:7b:b7:3b:2d
[    2.100531] e1000 0000:00:03.0 eth0: Intel(R) PRO/1000 Network Connection
[    2.106091] mptbase: ioc0: Initiating bringup
[    2.258516] ioc0: LSI53C1030 A0: Capabilities={Initiator}
[    3.234906] scsi host2: ioc0: LSI53C1030 A0, FwRev=00000000h, Ports=1, MaxQ=256, IRQ=20
[    4.118629] scsi 2:0:0:0: Direct-Access     VBOX     HARDDISK         1.0  PQ: 0 ANSI: 5
[    4.156200] scsi target2:0:0: Beginning Domain Validation
[    4.165743] scsi target2:0:0: Domain Validation skipping write tests
[    4.169971] scsi target2:0:0: Ending Domain Validation
[    4.173668] scsi target2:0:0: asynchronous
[    4.178172] scsi 2:0:1:0: Direct-Access     VBOX     HARDDISK         1.0  PQ: 0 ANSI: 5
[    4.372278] scsi target2:0:1: Beginning Domain Validation
[    4.381487] scsi target2:0:1: Domain Validation skipping write tests
[    4.385720] scsi target2:0:1: Ending Domain Validation
[    4.389637] scsi target2:0:1: asynchronous
[    4.412782] sd 2:0:0:0: Attached scsi generic sg0 type 0
[    4.416718] sd 2:0:1:0: Attached scsi generic sg1 type 0
[    4.418792] sd 2:0:0:0: [sda] 83886080 512-byte logical blocks: (42.9 GB/40.0 GiB)
[    4.425310] sd 2:0:1:0: [sdb] 20480 512-byte logical blocks: (10.5 MB/10.0 MiB)
[    4.429833] sd 2:0:0:0: [sda] Write Protect is off
[    4.433009] sd 2:0:1:0: [sdb] Write Protect is off
[    4.436942] sd 2:0:1:0: [sdb] Incomplete mode parameter data
[    4.440351] sd 2:0:1:0: [sdb] Assuming drive cache: write through
[    4.444252] sd 2:0:0:0: [sda] Incomplete mode parameter data
[    4.447534] sd 2:0:0:0: [sda] Assuming drive cache: write through
[    4.456310]  sda: sda1
[    4.458824] sd 2:0:1:0: [sdb] Attached SCSI disk
[    4.463280] sd 2:0:0:0: [sda] Attached SCSI disk
[    4.704760] e1000 0000:00:08.0 eth1: (PCI:33MHz:32-bit) 08:00:27:df:18:62
[    4.709817] e1000 0000:00:08.0 eth1: Intel(R) PRO/1000 Network Connection
[    4.715959] e1000 0000:00:03.0 enp0s3: renamed from eth0
[    4.733072] e1000 0000:00:08.0 enp0s8: renamed from eth1
[   71.345373] INFO: rcu_sched self-detected stall on CPU
[   71.348155] INFO: rcu_sched detected stalls on CPUs/tasks:
[   71.349771] 	1-...!: (1 GPs behind) idle=66a/140000000000001/0 softirq=810/811 fqs=0 
[   71.359231] 	 (t=16650 jiffies g=-206 c=-207 q=160)
[   71.359220] 	1-...!: (1 GPs behind) idle=66a/140000000000001/0 softirq=810/811 fqs=0 
[   71.362393] rcu_sched kthread starved for 16650 jiffies! g18446744073709551410 c18446744073709551409 f0x0 RCU_GP_WAIT_FQS(3) ->state=0x402 ->cpu=0
[   71.367220] 	(detected by 0, t=16650 jiffies, g=-206, c=-207, q=160)
[   71.375064] rcu_sched       I    0     8      2 0x80000000
[   71.378685] Sending NMI from CPU 0 to CPUs 1:
[   71.382449] Call Trace:
[   71.386065] NMI backtrace for cpu 1
[   71.386066] CPU: 1 PID: 163 Comm: systemd-udevd Not tainted 4.15.0-212-generic #223-Ubuntu
[   71.386066] Hardware name: innotek GmbH VirtualBox/VirtualBox, BIOS VirtualBox 12/01/2006
[   71.386066] RIP: 0010:io_serial_out+0x1a/0x20
[   71.386067] RSP: 0018:ffff8f943fd03b00 EFLAGS: 00010002
[   71.386067] RAX: 000000000000005b RBX: ffffffffb5116e60 RCX: 0000000000000000
[   71.386067] RDX: 00000000000003f8 RSI: 0000000000000000 RDI: ffffffffb5116e60
[   71.386068] RBP: ffff8f943fd03b00 R08: 0000000000000000 R09: 0000000000000007
[   71.386068] R10: 0000000000000000 R11: ffffffffb4f6a80d R12: 000000000000005b
[   71.386068] R13: ffffffffb4f6a81b R14: ffffffffb4f6a801 R15: ffffffffb5116e60
[   71.386068] FS:  00007fdd3163b680(0000) GS:ffff8f943fd00000(0000) knlGS:0000000000000000
[   71.386068] CS:  0010 DS: 0000 ES: 0000 CR0: 0000000080050033
[   71.386069] CR2: 000055aaeed67d18 CR3: 0000000039be4005 CR4: 00000000000206e0
[   71.386069] Call Trace:
[   71.386069]  <IRQ>
[   71.386069]  serial8250_console_putchar+0x2d/0x40
[   71.386069]  ? wait_for_xmitr+0xb0/0xb0
[   71.386070]  uart_console_write+0x4c/0x60
[   71.386070]  serial8250_console_write+0x10a/0x2a0
[   71.386070]  ? msg_print_text+0x80/0x100
[   71.386070]  univ8250_console_write+0x21/0x30
[   71.386070]  console_unlock+0x3cf/0x560
[   71.386071]  vprintk_emit+0x134/0x2c0
[   71.386071]  vprintk_default+0x29/0x50
[   71.386071]  vprintk_func+0x47/0xc0
[   71.386071]  printk+0x52/0x6e
[   71.386071]  show_trace_log_lvl+0x8c/0x3d0
[   71.386071]  ? vprintk_default+0x29/0x50
[   71.386072]  ? vprintk_func+0x47/0xc0
[   71.386072]  show_stack+0x34/0x50
[   71.386072]  sched_show_task+0xfe/0x130
[   71.386072]  rcu_check_gp_kthread_starvation+0xad/0xc0
[   71.386072]  rcu_check_callbacks+0x6c5/0x8e0
[   71.386072]  ? tick_sched_do_timer+0x50/0x50
[   71.386073]  update_process_times+0x2f/0x60
[   71.386073]  tick_sched_handle+0x26/0x70
[   71.386073]  ? tick_sched_do_timer+0x42/0x50
[   71.386073]  tick_sched_timer+0x39/0x80
[   71.386073]  __hrtimer_run_queues+0xdf/0x230
[   71.386073]  hrtimer_interrupt+0x97/0x180
[   71.386074]  smp_apic_timer_interrupt+0x6f/0x140
[   71.386074]  apic_timer_interrupt+0x90/0xa0
[   71.386074]  </IRQ>
[   71.386074] RIP: 0010:mutex_unlock+0x1c/0x30
[   71.386074] RSP: 0018:ffffb64f404abdd0 EFLAGS: 00010246 ORIG_RAX: ffffffffffffff11
[   71.386075] RAX: ffff8f9439908000 RBX: ffff8f94369dcb40 RCX: 0000000000000000
[   71.386075] RDX: ffff8f9439908000 RSI: 0000000000000001 RDI: ffff8f94369dcb60
[   71.386075] RBP: ffffb64f404abdd0 R08: ffff8f9439bd0510 R09: ffff8f94369dcb40
[   71.386075] R10: 0000000000000000 R11: 0000000000000000 R12: ffffb64f404abef8
[   71.386076] R13: ffff8f9439ad4c00 R14: 0000000000000001 R15: ffff8f9436639c00
[   71.386076]  kernfs_seq_stop+0x22/0x30
[   71.386076]  seq_read+0x1c4/0x450
[   71.386076]  kernfs_fop_read+0x137/0x180
[   71.386076]  ? security_file_permission+0xa1/0xc0
[   71.386076]  __vfs_read+0x1b/0x40
[   71.386077]  vfs_read+0x8e/0x130
[   71.386077]  SyS_read+0x5c/0xe0
[   71.386077]  do_syscall_64+0x73/0x130
[   71.386077]  entry_SYSCALL_64_after_hwframe+0x59/0xbe
[   71.386077] RIP: 0033:0x7fdd31137031
[   71.386077] RSP: 002b:00007fff2dadaf88 EFLAGS: 00000246 ORIG_RAX: 0000000000000000
[   71.386078] RAX: ffffffffffffffda RBX: 000055aaeed61ed0 RCX: 00007fdd31137031
[   71.386078] RDX: 0000000000001000 RSI: 000055aaeed75760 RDI: 000000000000000d
[   71.386078] RBP: 00007fdd3140f2a0 R08: 0000000000000000 R09: 0000000000000000
[   71.386079] R10: 000055aaeed3b010 R11: 0000000000000246 R12: 000055aaeed75760
[   71.386079] R13: 0000000000001001 R14: 0000000000000d68 R15: 0000000000001001
[   71.386079] Code: 55 48 89 e5 d3 e6 01 f2 ec 0f b6 c0 5d c3 0f 1f 00 0f 1f 44 00 00 0f b6 8f a1 00 00 00 89 d0 8b 57 08 55 48 89 e5 d3 e6 01 f2 ee <5d> c3 0f 1f 40 00 0f 1f 44 00 00 0f b6 87 a2 00 00 00 55 48 c7 
[   71.386087] rcu_sched kthread starved for 16650 jiffies! g18446744073709551410 c18446744073709551409 f0x0 RCU_GP_WAIT_FQS(3) ->state=0x402 ->cpu=0
[   71.387591]  __schedule+0x24e/0x890
[   71.389621] rcu_sched       I    0     8      2 0x80000000
[   71.394900]  schedule+0x2c/0x80
[   71.399433] Call Trace:
[   71.399436]  __schedule+0x24e/0x890
[   71.399438]  schedule+0x2c/0x80
[   71.402694]  schedule_timeout+0x15d/0x370
[   71.405687]  schedule_timeout+0x15d/0x370
[   71.410507]  ? __next_timer_interrupt+0xe0/0xe0
[   71.414453]  ? __next_timer_interrupt+0xe0/0xe0
[   71.418865]  rcu_gp_kthread+0x53a/0x980
[   71.422890]  rcu_gp_kthread+0x53a/0x980
[   71.427395]  kthread+0x121/0x140
[   71.431909]  kthread+0x121/0x140
[   71.435536]  ? rcu_note_context_switch+0x150/0x150
[   71.439569]  ? rcu_note_context_switch+0x150/0x150
[   71.441729]  ? kthread_create_worker_on_cpu+0x70/0x70
[   71.443068]  ? kthread_create_worker_on_cpu+0x70/0x70
[   71.446294]  ret_from_fork+0x1f/0x40
[   71.448676]  ret_from_fork+0x1f/0x40
[   71.451521] NMI backtrace for cpu 1
[   71.674095] CPU: 1 PID: 163 Comm: systemd-udevd Not tainted 4.15.0-212-generic #223-Ubuntu
[   71.679022] Hardware name: innotek GmbH VirtualBox/VirtualBox, BIOS VirtualBox 12/01/2006
[   71.683908] Call Trace:
[   71.685514]  <IRQ>
[   71.686801]  dump_stack+0x6d/0x8b
[   71.688782]  nmi_cpu_backtrace+0x94/0xa0
[   71.691095]  ? lapic_can_unplug_cpu+0xb0/0xb0
[   71.693846]  nmi_trigger_cpumask_backtrace+0xe7/0x130
[   71.697013]  arch_trigger_cpumask_backtrace+0x19/0x20
[   71.700253]  rcu_dump_cpu_stacks+0xa3/0xd5
[   71.702732]  rcu_check_callbacks+0x6cd/0x8e0
[   71.705232]  ? tick_sched_do_timer+0x50/0x50
[   71.707827]  update_process_times+0x2f/0x60
[   71.710278]  tick_sched_handle+0x26/0x70
[   71.712599]  ? tick_sched_do_timer+0x42/0x50
[   71.715464]  tick_sched_timer+0x39/0x80
[   71.718092]  __hrtimer_run_queues+0xdf/0x230
[   71.720724]  hrtimer_interrupt+0x97/0x180
[   71.723203]  smp_apic_timer_interrupt+0x6f/0x140
[   71.726009]  apic_timer_interrupt+0x90/0xa0
[   71.728586]  </IRQ>
[   71.729961] RIP: 0010:mutex_unlock+0x1c/0x30
[   71.732523] RSP: 0018:ffffb64f404abdd0 EFLAGS: 00010246 ORIG_RAX: ffffffffffffff11
[   71.737078] RAX: ffff8f9439908000 RBX: ffff8f94369dcb40 RCX: 0000000000000000
[   71.741168] RDX: ffff8f9439908000 RSI: 0000000000000001 RDI: ffff8f94369dcb60
[   71.745318] RBP: ffffb64f404abdd0 R08: ffff8f9439bd0510 R09: ffff8f94369dcb40
[   71.749476] R10: 0000000000000000 R11: 0000000000000000 R12: ffffb64f404abef8
[   71.753588] R13: ffff8f9439ad4c00 R14: 0000000000000001 R15: ffff8f9436639c00
[   71.757924]  kernfs_seq_stop+0x22/0x30
[   71.760229]  seq_read+0x1c4/0x450
[   71.762396]  kernfs_fop_read+0x137/0x180
[   71.764764]  ? security_file_permission+0xa1/0xc0
[   71.767564]  __vfs_read+0x1b/0x40
[   71.769611]  vfs_read+0x8e/0x130
[   71.771598]  SyS_read+0x5c/0xe0
[   71.773531]  do_syscall_64+0x73/0x130
[   71.775808]  entry_SYSCALL_64_after_hwframe+0x59/0xbe
[   71.778909] RIP: 0033:0x7fdd31137031
[   71.781071] RSP: 002b:00007fff2dadaf88 EFLAGS: 00000246 ORIG_RAX: 0000000000000000
[   71.785513] RAX: ffffffffffffffda RBX: 000055aaeed61ed0 RCX: 00007fdd31137031
[   71.789788] RDX: 0000000000001000 RSI: 000055aaeed75760 RDI: 000000000000000d
[   71.794039] RBP: 00007fdd3140f2a0 R08: 0000000000000000 R09: 0000000000000000
[   71.798325] R10: 000055aaeed3b010 R11: 0000000000000246 R12: 000055aaeed75760
[   71.802656] R13: 0000000000001001 R14: 0000000000000d68 R15: 0000000000001001
Begin: Loading essential drivers ... [   73.348420] raid6: sse2x1   gen() 17146 MB/s
[   73.396718] raid6: sse2x1   xor() 11046 MB/s
[   73.444329] raid6: sse2x2   gen() 22432 MB/s
[   73.492910] raid6: sse2x2   xor() 14875 MB/s
[   73.540937] raid6: sse2x4   gen() 23170 MB/s
[   73.588227] raid6: sse2x4   xor() 12712 MB/s
[   73.590899] raid6: using algorithm sse2x4 gen() 23170 MB/s
[   73.594246] raid6: .... xor() 12712 MB/s, rmw enabled
[   73.597277] raid6: using ssse3x2 recovery algorithm
[   73.601596] xor: measuring software checksum speed
[   73.708078]    prefetch64-sse: 60877.000 MB/sec
[   73.811396]    generic_sse: 55934.000 MB/sec
[   73.814588] xor: using function: prefetch64-sse (60877.000 MB/sec)
[   73.819899] async_tx: api initialized (async)
done.
Begin: Running /scripts/init-premount ... done.
Begin: Mounting root file system ... Begin: Running /scripts/local-top ... done.
Begin: Running /scripts/local-premount ... [   73.870673] Btrfs loaded, crc32c=crc32c-intel
Scanning for Btrfs filesystems
done.
Warning: fsck not present, so skipping root file system
[   73.913037] EXT4-fs (sda1): mounted filesystem with ordered data mode. Opts: (null)
done.
Begin: Running /scripts/local-bottom ... done.
Begin: Running /scripts/init-bottom ... done.
[   74.104746] ip_tables: (C) 2000-2006 Netfilter Core Team
[   74.118458] systemd[1]: systemd 237 running in system mode. (+PAM +AUDIT +SELINUX +IMA +APPARMOR +SMACK +SYSVINIT +UTMP +LIBCRYPTSETUP +GCRYPT +GNUTLS +ACL +XZ +LZ4 +SECCOMP +BLKID +ELFUTILS +KMOD -IDN2 +IDN -PCRE2 default-hierarchy=hybrid)
[   74.130914] systemd[1]: Detected virtualization oracle.
[   74.134278] systemd[1]: Detected architecture x86-64.
